<?xml version="1.0" encoding="UTF-8"?>
<testng-results skipped="0" failed="0" ignored="0" total="8" passed="8">
  <reporter-output>
  </reporter-output>
  <suite name="Suite" duration-ms="58199" started-at="2018-07-19T13:35:46Z" finished-at="2018-07-19T13:36:44Z">
    <groups>
    </groups>
    <test name="Automation Practice Test" duration-ms="58199" started-at="2018-07-19T13:35:46Z" finished-at="2018-07-19T13:36:44Z">
      <class name="com.ui.test.TestLogin">
        <test-method status="PASS" signature="initialiseBrowser()[pri:0, instance:com.ui.test.TestLogin@6d4b1c02]" name="initialiseBrowser" is-config="true" duration-ms="3927" started-at="2018-07-19T09:35:46Z" finished-at="2018-07-19T09:35:50Z">
          <reporter-output>
          </reporter-output>
        </test-method> <!-- initialiseBrowser -->
        <test-method status="PASS" signature="beforeCls()[pri:0, instance:com.ui.test.TestLogin@6d4b1c02]" name="beforeCls" is-config="true" duration-ms="0" started-at="2018-07-19T09:35:50Z" finished-at="2018-07-19T09:35:50Z">
          <reporter-output>
          </reporter-output>
        </test-method> <!-- beforeCls -->
        <test-method status="PASS" signature="login()[pri:0, instance:com.ui.test.TestLogin@6d4b1c02]" name="login" duration-ms="21443" started-at="2018-07-19T09:35:50Z" finished-at="2018-07-19T09:36:12Z">
          <reporter-output>
          </reporter-output>
        </test-method> <!-- login -->
        <test-method status="PASS" signature="loginForgotPwdLink()[pri:0, instance:com.ui.test.TestLogin@6d4b1c02]" name="loginForgotPwdLink" duration-ms="3379" started-at="2018-07-19T09:36:12Z" finished-at="2018-07-19T09:36:15Z">
          <reporter-output>
          </reporter-output>
        </test-method> <!-- loginForgotPwdLink -->
        <test-method status="PASS" signature="loginWithEmptyEmail()[pri:0, instance:com.ui.test.TestLogin@6d4b1c02]" name="loginWithEmptyEmail" duration-ms="5367" started-at="2018-07-19T09:36:15Z" finished-at="2018-07-19T09:36:20Z">
          <reporter-output>
          </reporter-output>
        </test-method> <!-- loginWithEmptyEmail -->
        <test-method status="PASS" signature="loginWithEmptyEmailAndPwd()[pri:0, instance:com.ui.test.TestLogin@6d4b1c02]" name="loginWithEmptyEmailAndPwd" duration-ms="3966" started-at="2018-07-19T09:36:20Z" finished-at="2018-07-19T09:36:24Z">
          <reporter-output>
          </reporter-output>
        </test-method> <!-- loginWithEmptyEmailAndPwd -->
        <test-method status="PASS" signature="loginWithEmptyPwd()[pri:0, instance:com.ui.test.TestLogin@6d4b1c02]" name="loginWithEmptyPwd" duration-ms="4666" started-at="2018-07-19T09:36:24Z" finished-at="2018-07-19T09:36:29Z">
          <reporter-output>
          </reporter-output>
        </test-method> <!-- loginWithEmptyPwd -->
        <test-method status="PASS" signature="loginWithIncorrectPwd()[pri:0, instance:com.ui.test.TestLogin@6d4b1c02]" name="loginWithIncorrectPwd" duration-ms="4877" started-at="2018-07-19T09:36:29Z" finished-at="2018-07-19T09:36:34Z">
          <reporter-output>
          </reporter-output>
        </test-method> <!-- loginWithIncorrectPwd -->
        <test-method status="PASS" signature="loginWithInvalidEmail()[pri:0, instance:com.ui.test.TestLogin@6d4b1c02]" name="loginWithInvalidEmail" duration-ms="5198" started-at="2018-07-19T09:36:34Z" finished-at="2018-07-19T09:36:39Z">
          <reporter-output>
          </reporter-output>
        </test-method> <!-- loginWithInvalidEmail -->
        <test-method status="PASS" signature="loginWithInvalidEmailNoPwd()[pri:0, instance:com.ui.test.TestLogin@6d4b1c02]" name="loginWithInvalidEmailNoPwd" duration-ms="5043" started-at="2018-07-19T09:36:39Z" finished-at="2018-07-19T09:36:44Z">
          <reporter-output>
          </reporter-output>
        </test-method> <!-- loginWithInvalidEmailNoPwd -->
        <test-method status="PASS" signature="afterClass()[pri:0, instance:com.ui.test.TestLogin@6d4b1c02]" name="afterClass" is-config="true" duration-ms="1" started-at="2018-07-19T09:36:44Z" finished-at="2018-07-19T09:36:44Z">
          <reporter-output>
          </reporter-output>
        </test-method> <!-- afterClass -->
        <test-method status="PASS" signature="closeBrowser()[pri:0, instance:com.ui.test.TestLogin@6d4b1c02]" name="closeBrowser" is-config="true" duration-ms="179" started-at="2018-07-19T09:36:44Z" finished-at="2018-07-19T09:36:44Z">
          <reporter-output>
          </reporter-output>
        </test-method> <!-- closeBrowser -->
      </class> <!-- com.ui.test.TestLogin -->
    </test> <!-- Automation Practice Test -->
  </suite> <!-- Suite -->
</testng-results>
