<?xml version="1.0" encoding="UTF-8"?>
<!-- Generated by org.testng.reporters.JUnitXMLReporter -->
<testsuite hostname="Lingtings-MacBook-Air.local" ignored="4" name="Default test" tests="1" failures="0" timestamp="15 Jul 2018 17:08:38 GMT" time="3.14" errors="0">
  <testcase name="loginLogout" time="0.118" classname="com.ui.test.TestLogin"/>
  <testcase name="@BeforeTest initialiseBrowser" time="0.0" classname="com.ks.util.WebDriverBase">
    <ignored/>
  </testcase> <!-- @BeforeTest initialiseBrowser -->
  <testcase name="@BeforeTest initialiseBrowser" time="0.0" classname="com.ks.util.WebDriverBase">
    <ignored/>
  </testcase> <!-- @BeforeTest initialiseBrowser -->
  <testcase name="@AfterTest closeBrowser" time="0.0" classname="com.ks.util.WebDriverBase">
    <ignored/>
  </testcase> <!-- @AfterTest closeBrowser -->
  <testcase name="@AfterTest closeBrowser" time="0.0" classname="com.ks.util.WebDriverBase">
    <ignored/>
  </testcase> <!-- @AfterTest closeBrowser -->
</testsuite> <!-- Default test -->
