<?xml version="1.0" encoding="UTF-8"?>
<testng-results skipped="0" failed="0" ignored="0" total="1" passed="1">
  <reporter-output>
  </reporter-output>
  <suite name="Default suite" duration-ms="23538" started-at="2018-08-16T21:06:35Z" finished-at="2018-08-16T21:06:58Z">
    <groups>
    </groups>
    <test name="Default test" duration-ms="23538" started-at="2018-08-16T21:06:35Z" finished-at="2018-08-16T21:06:58Z">
      <class name="com.cs.ui.test.nb.webpage.C8886_WealthPage">
        <test-method status="PASS" signature="initialiseBrowser()[pri:0, instance:com.cs.ui.test.nb.webpage.C8886_WealthPage@42d80b78]" name="initialiseBrowser" is-config="true" duration-ms="2491" started-at="2018-08-16T17:06:35Z" finished-at="2018-08-16T17:06:37Z">
          <reporter-output>
          </reporter-output>
        </test-method> <!-- initialiseBrowser -->
        <test-method status="PASS" signature="beforeClass()[pri:0, instance:com.cs.ui.test.nb.webpage.C8886_WealthPage@42d80b78]" name="beforeClass" is-config="true" duration-ms="0" started-at="2018-08-16T17:06:37Z" finished-at="2018-08-16T17:06:37Z">
          <reporter-output>
          </reporter-output>
        </test-method> <!-- beforeClass -->
        <test-method status="PASS" signature="wealthPageHtml()[pri:0, instance:com.cs.ui.test.nb.webpage.C8886_WealthPage@42d80b78]" name="wealthPageHtml" duration-ms="20808" started-at="2018-08-16T17:06:37Z" finished-at="2018-08-16T17:06:58Z">
          <reporter-output>
          </reporter-output>
        </test-method> <!-- wealthPageHtml -->
        <test-method status="PASS" signature="afterClass()[pri:0, instance:com.cs.ui.test.nb.webpage.C8886_WealthPage@42d80b78]" name="afterClass" is-config="true" duration-ms="4" started-at="2018-08-16T17:06:58Z" finished-at="2018-08-16T17:06:58Z">
          <reporter-output>
          </reporter-output>
        </test-method> <!-- afterClass -->
        <test-method status="PASS" signature="closeBrowser()[pri:0, instance:com.cs.ui.test.nb.webpage.C8886_WealthPage@42d80b78]" name="closeBrowser" is-config="true" duration-ms="198" started-at="2018-08-16T17:06:58Z" finished-at="2018-08-16T17:06:58Z">
          <reporter-output>
          </reporter-output>
        </test-method> <!-- closeBrowser -->
      </class> <!-- com.cs.ui.test.nb.webpage.C8886_WealthPage -->
    </test> <!-- Default test -->
  </suite> <!-- Default suite -->
</testng-results>
