<?xml version="1.0" encoding="UTF-8"?>
<!-- Generated by org.testng.reporters.JUnitXMLReporter -->
<testsuite hostname="Lingtings-MacBook-Air.local" ignored="0" name="Automation Practice Test" tests="8" failures="0" timestamp="18 Jul 2018 01:23:46 GMT" time="36.529" errors="0">
  <testcase name="login" time="6.763" classname="com.ui.test.TestLogin"/>
  <testcase name="loginForgotPwdLink" time="1.789" classname="com.ui.test.TestLogin"/>
  <testcase name="loginWithEmptyEmail" time="3.222" classname="com.ui.test.TestLogin"/>
  <testcase name="loginWithEmptyEmailAndPwd" time="6.354" classname="com.ui.test.TestLogin"/>
  <testcase name="loginWithEmptyPwd" time="3.966" classname="com.ui.test.TestLogin"/>
  <testcase name="loginWithIncorrectPwd" time="3.73" classname="com.ui.test.TestLogin"/>
  <testcase name="loginWithInvalidEmail" time="3.901" classname="com.ui.test.TestLogin"/>
  <testcase name="loginWithInvalidEmailNoPwd" time="3.88" classname="com.ui.test.TestLogin"/>
</testsuite> <!-- Automation Practice Test -->
