<?xml version="1.0" encoding="UTF-8"?>
<!-- Generated by org.testng.reporters.JUnitXMLReporter -->
<testsuite hostname="coinsquresMBP93" ignored="54" name="Coinsquare NB Test" tests="28" failures="6" timestamp="17 Aug 2018 14:55:41 GMT" time="5114.054" errors="0">
  <testcase name="loginLogout" time="18.764" classname="com.cs.ui.test.nb.dashboard.C5479_loginLogout"/>
  <testcase name="quickTradeDogeBch" time="185.696" classname="com.cs.ui.test.nb.dashboard.quicktrade.C5529_DogeBch">
    <failure type="java.lang.AssertionError" message="expected [true] but found [false]">
      <![CDATA[java.lang.AssertionError: expected [true] but found [false]at com.cs.ui.feature.Transactions.verifyLedger(Transactions.java:229)at com.cs.ui.test.nb.dashboard.quicktrade.C5529_DogeBch.quickTradeDogeBch(C5529_DogeBch.java:84)... Removed 28 stack frames]]>
    </failure>
  </testcase> <!-- quickTradeDogeBch -->
  <testcase name="quickTradeUsdEth_50Percent" time="34.427" classname="com.cs.ui.test.nb.dashboard.quicktrade.percent.C5517_UsdEth_50Percent">
    <failure type="java.lang.AssertionError" message="expected [2.360] but found [2.36]">
      <![CDATA[java.lang.AssertionError: expected [2.360] but found [2.36]at com.cs.ui.feature.QuickTrade.verifyPercentAmt(QuickTrade.java:248)at com.cs.ui.feature.QuickTrade.quickTradeByPercentReQuote(QuickTrade.java:187)at com.cs.ui.test.nb.dashboard.quicktrade.percent.C5517_UsdEth_50Percent.quickTradeUsdEth_50Percent(C5517_UsdEth_50Percent.java:52)... Removed 29 stack frames]]>
    </failure>
  </testcase> <!-- quickTradeUsdEth_50Percent -->
  <testcase name="termsPageHtml" time="5.693" classname="com.cs.ui.test.nb.webpage.C8897_TermsAndConditions"/>
  <testcase name="quickTradeCadBch" time="420.074" classname="com.cs.ui.test.nb.dashboard.quicktrade.C5505_CadBch">
    <failure type="java.lang.NullPointerException">
      <![CDATA[java.lang.NullPointerExceptionat com.cs.ui.util.WebActionUtil.selectDropdown(WebActionUtil.java:129)at com.cs.ui.feature.QuickTrade.quickTradeReturnQuote(QuickTrade.java:128)at com.cs.ui.test.nb.dashboard.quicktrade.C5505_CadBch.quickTradeCadBch(C5505_CadBch.java:84)... Removed 24 stack frames]]>
    </failure>
  </testcase> <!-- quickTradeCadBch -->
  <testcase name="quickTradeUsdLTC_100Percent" time="206.376" classname="com.cs.ui.test.nb.dashboard.quicktrade.percent.C5518_UsdLtc_100Percent"/>
  <testcase name="homePageHtml" time="8.67" classname="com.cs.ui.test.nb.webpage.C8882_HomePage">
    <failure type="java.lang.NullPointerException">
      <![CDATA[java.lang.NullPointerExceptionat com.cs.ks.util.KSU.writeHtmlToFile(KSU.java:88)at com.cs.ui.test.nb.webpage.C8882_HomePage.homePageHtml(C8882_HomePage.java:53)... Removed 24 stack frames]]>
    </failure>
  </testcase> <!-- homePageHtml -->
  <testcase name="quickTradeCadUsd" time="191.517" classname="com.cs.ui.test.nb.dashboard.quicktrade.C5507_CadUsd"/>
  <testcase name="quickTradeUsdBtc_25Percent" time="30.144" classname="com.cs.ui.test.nb.dashboard.quicktrade.percent.C5511_UsdBtc_25Percent">
    <failure type="java.lang.AssertionError" message="expected [1.08] but found [1.0825]">
      <![CDATA[java.lang.AssertionError: expected [1.08] but found [1.0825]at com.cs.ui.feature.QuickTrade.verifyPercentAmt(QuickTrade.java:248)at com.cs.ui.feature.QuickTrade.quickTradeByPercentReQuote(QuickTrade.java:187)at com.cs.ui.test.nb.dashboard.quicktrade.percent.C5511_UsdBtc_25Percent.quickTradeUsdBtc_25Percent(C5511_UsdBtc_25Percent.java:52)... Removed 29 stack frames]]>
    </failure>
  </testcase> <!-- quickTradeUsdBtc_25Percent -->
  <testcase name="privacyPolicyHtml" time="5.153" classname="com.cs.ui.test.nb.webpage.C8898_PrivacyPolicy"/>
  <testcase name="quickTradeBtcLtc" time="297.338" classname="com.cs.ui.test.nb.dashboard.quicktrade.C5508_BtcLtc"/>
  <testcase name="tradingFeesHtml" time="20.335" classname="com.cs.ui.test.nb.webpage.C8896_TradingFees"/>
  <testcase name="quickTradeBtcDash" time="458.089" classname="com.cs.ui.test.nb.dashboard.quicktrade.C5525_BtcDash"/>
  <testcase name="howItWorksHtml" time="4.973" classname="com.cs.ui.test.nb.webpage.C8887_HowItWorks"/>
  <testcase name="quickTradeBtcEth" time="423.3" classname="com.cs.ui.test.nb.dashboard.quicktrade.C5522_BtcEth"/>
  <testcase name="amlPolicyHtml" time="12.471" classname="com.cs.ui.test.nb.webpage.C8899_AMLPolicy"/>
  <testcase name="quickTradeCadEth" time="425.939" classname="com.cs.ui.test.nb.dashboard.quicktrade.C5502_CadEth"/>
  <testcase name="fundingOptionsHtml" time="8.668" classname="com.cs.ui.test.nb.webpage.C8894_FundingOptions"/>
  <testcase name="quickTradeBtcBch" time="429.756" classname="com.cs.ui.test.nb.dashboard.quicktrade.C5523_BtcBch"/>
  <testcase name="aboutPageHtml" time="36.109" classname="com.cs.ui.test.nb.webpage.C8895_About"/>
  <testcase name="quickTradeBtcDoge" time="483.599" classname="com.cs.ui.test.nb.dashboard.quicktrade.C5524_BtcDoge"/>
  <testcase name="contactPageHtml" time="21.022" classname="com.cs.ui.test.nb.webpage.C8893_Contact"/>
  <testcase name="quickTradeCadBtc" time="400.196" classname="com.cs.ui.test.nb.dashboard.quicktrade.C5506_CadBtc"/>
  <testcase name="wealthPageHtml" time="20.376" classname="com.cs.ui.test.nb.webpage.C8886_WealthPage"/>
  <testcase name="quickTradeCadDoge" time="440.395" classname="com.cs.ui.test.nb.dashboard.quicktrade.C5504_CadDoge"/>
  <testcase name="quickTradeCadLtc" time="175.231" classname="com.cs.ui.test.nb.dashboard.quicktrade.C5503_CadLtc"/>
  <testcase name="quickTradeCadDash" time="179.6" classname="com.cs.ui.test.nb.dashboard.quicktrade.C5510_CadDash"/>
  <testcase name="quickTradeLtcEth" time="164.038" classname="com.cs.ui.test.nb.dashboard.quicktrade.C5528_LtcEth">
    <failure type="java.lang.AssertionError" message="expected [true] but found [false]">
      <![CDATA[java.lang.AssertionError: expected [true] but found [false]at com.cs.ui.feature.Transactions.verifyLedger(Transactions.java:229)at com.cs.ui.test.nb.dashboard.quicktrade.C5528_LtcEth.quickTradeLtcEth(C5528_LtcEth.java:84)... Removed 28 stack frames]]>
    </failure>
  </testcase> <!-- quickTradeLtcEth -->
  <testcase name="@AfterTest closeBrowser" time="0.0" classname="com.cs.ui.util.WebDriverBase">
    <ignored/>
  </testcase> <!-- @AfterTest closeBrowser -->
  <testcase name="@AfterTest closeBrowser" time="0.0" classname="com.cs.ui.util.WebDriverBase">
    <ignored/>
  </testcase> <!-- @AfterTest closeBrowser -->
  <testcase name="@AfterTest closeBrowser" time="0.0" classname="com.cs.ui.util.WebDriverBase">
    <ignored/>
  </testcase> <!-- @AfterTest closeBrowser -->
  <testcase name="@AfterTest closeBrowser" time="0.0" classname="com.cs.ui.util.WebDriverBase">
    <ignored/>
  </testcase> <!-- @AfterTest closeBrowser -->
  <testcase name="@AfterTest closeBrowser" time="0.0" classname="com.cs.ui.util.WebDriverBase">
    <ignored/>
  </testcase> <!-- @AfterTest closeBrowser -->
  <testcase name="@AfterTest closeBrowser" time="0.0" classname="com.cs.ui.util.WebDriverBase">
    <ignored/>
  </testcase> <!-- @AfterTest closeBrowser -->
  <testcase name="@AfterTest closeBrowser" time="0.0" classname="com.cs.ui.util.WebDriverBase">
    <ignored/>
  </testcase> <!-- @AfterTest closeBrowser -->
  <testcase name="@AfterTest closeBrowser" time="0.0" classname="com.cs.ui.util.WebDriverBase">
    <ignored/>
  </testcase> <!-- @AfterTest closeBrowser -->
  <testcase name="@AfterTest closeBrowser" time="0.0" classname="com.cs.ui.util.WebDriverBase">
    <ignored/>
  </testcase> <!-- @AfterTest closeBrowser -->
  <testcase name="@AfterTest closeBrowser" time="0.0" classname="com.cs.ui.util.WebDriverBase">
    <ignored/>
  </testcase> <!-- @AfterTest closeBrowser -->
  <testcase name="@AfterTest closeBrowser" time="0.0" classname="com.cs.ui.util.WebDriverBase">
    <ignored/>
  </testcase> <!-- @AfterTest closeBrowser -->
  <testcase name="@AfterTest closeBrowser" time="0.0" classname="com.cs.ui.util.WebDriverBase">
    <ignored/>
  </testcase> <!-- @AfterTest closeBrowser -->
  <testcase name="@AfterTest closeBrowser" time="0.0" classname="com.cs.ui.util.WebDriverBase">
    <ignored/>
  </testcase> <!-- @AfterTest closeBrowser -->
  <testcase name="@AfterTest closeBrowser" time="0.0" classname="com.cs.ui.util.WebDriverBase">
    <ignored/>
  </testcase> <!-- @AfterTest closeBrowser -->
  <testcase name="@AfterTest closeBrowser" time="0.0" classname="com.cs.ui.util.WebDriverBase">
    <ignored/>
  </testcase> <!-- @AfterTest closeBrowser -->
  <testcase name="@AfterTest closeBrowser" time="0.0" classname="com.cs.ui.util.WebDriverBase">
    <ignored/>
  </testcase> <!-- @AfterTest closeBrowser -->
  <testcase name="@AfterTest closeBrowser" time="0.0" classname="com.cs.ui.util.WebDriverBase">
    <ignored/>
  </testcase> <!-- @AfterTest closeBrowser -->
  <testcase name="@AfterTest closeBrowser" time="0.0" classname="com.cs.ui.util.WebDriverBase">
    <ignored/>
  </testcase> <!-- @AfterTest closeBrowser -->
  <testcase name="@AfterTest closeBrowser" time="0.0" classname="com.cs.ui.util.WebDriverBase">
    <ignored/>
  </testcase> <!-- @AfterTest closeBrowser -->
  <testcase name="@AfterTest closeBrowser" time="0.0" classname="com.cs.ui.util.WebDriverBase">
    <ignored/>
  </testcase> <!-- @AfterTest closeBrowser -->
  <testcase name="@AfterTest closeBrowser" time="0.0" classname="com.cs.ui.util.WebDriverBase">
    <ignored/>
  </testcase> <!-- @AfterTest closeBrowser -->
  <testcase name="@AfterTest closeBrowser" time="0.0" classname="com.cs.ui.util.WebDriverBase">
    <ignored/>
  </testcase> <!-- @AfterTest closeBrowser -->
  <testcase name="@AfterTest closeBrowser" time="0.0" classname="com.cs.ui.util.WebDriverBase">
    <ignored/>
  </testcase> <!-- @AfterTest closeBrowser -->
  <testcase name="@AfterTest closeBrowser" time="0.0" classname="com.cs.ui.util.WebDriverBase">
    <ignored/>
  </testcase> <!-- @AfterTest closeBrowser -->
  <testcase name="@AfterTest closeBrowser" time="0.0" classname="com.cs.ui.util.WebDriverBase">
    <ignored/>
  </testcase> <!-- @AfterTest closeBrowser -->
  <testcase name="@AfterTest closeBrowser" time="0.0" classname="com.cs.ui.util.WebDriverBase">
    <ignored/>
  </testcase> <!-- @AfterTest closeBrowser -->
  <testcase name="@AfterTest closeBrowser" time="0.0" classname="com.cs.ui.util.WebDriverBase">
    <ignored/>
  </testcase> <!-- @AfterTest closeBrowser -->
  <testcase name="@BeforeTest initialiseBrowser" time="0.0" classname="com.cs.ui.util.WebDriverBase">
    <ignored/>
  </testcase> <!-- @BeforeTest initialiseBrowser -->
  <testcase name="@BeforeTest initialiseBrowser" time="0.0" classname="com.cs.ui.util.WebDriverBase">
    <ignored/>
  </testcase> <!-- @BeforeTest initialiseBrowser -->
  <testcase name="@BeforeTest initialiseBrowser" time="0.0" classname="com.cs.ui.util.WebDriverBase">
    <ignored/>
  </testcase> <!-- @BeforeTest initialiseBrowser -->
  <testcase name="@BeforeTest initialiseBrowser" time="0.0" classname="com.cs.ui.util.WebDriverBase">
    <ignored/>
  </testcase> <!-- @BeforeTest initialiseBrowser -->
  <testcase name="@BeforeTest initialiseBrowser" time="0.0" classname="com.cs.ui.util.WebDriverBase">
    <ignored/>
  </testcase> <!-- @BeforeTest initialiseBrowser -->
  <testcase name="@BeforeTest initialiseBrowser" time="0.0" classname="com.cs.ui.util.WebDriverBase">
    <ignored/>
  </testcase> <!-- @BeforeTest initialiseBrowser -->
  <testcase name="@BeforeTest initialiseBrowser" time="0.0" classname="com.cs.ui.util.WebDriverBase">
    <ignored/>
  </testcase> <!-- @BeforeTest initialiseBrowser -->
  <testcase name="@BeforeTest initialiseBrowser" time="0.0" classname="com.cs.ui.util.WebDriverBase">
    <ignored/>
  </testcase> <!-- @BeforeTest initialiseBrowser -->
  <testcase name="@BeforeTest initialiseBrowser" time="0.0" classname="com.cs.ui.util.WebDriverBase">
    <ignored/>
  </testcase> <!-- @BeforeTest initialiseBrowser -->
  <testcase name="@BeforeTest initialiseBrowser" time="0.0" classname="com.cs.ui.util.WebDriverBase">
    <ignored/>
  </testcase> <!-- @BeforeTest initialiseBrowser -->
  <testcase name="@BeforeTest initialiseBrowser" time="0.0" classname="com.cs.ui.util.WebDriverBase">
    <ignored/>
  </testcase> <!-- @BeforeTest initialiseBrowser -->
  <testcase name="@BeforeTest initialiseBrowser" time="0.0" classname="com.cs.ui.util.WebDriverBase">
    <ignored/>
  </testcase> <!-- @BeforeTest initialiseBrowser -->
  <testcase name="@BeforeTest initialiseBrowser" time="0.0" classname="com.cs.ui.util.WebDriverBase">
    <ignored/>
  </testcase> <!-- @BeforeTest initialiseBrowser -->
  <testcase name="@BeforeTest initialiseBrowser" time="0.0" classname="com.cs.ui.util.WebDriverBase">
    <ignored/>
  </testcase> <!-- @BeforeTest initialiseBrowser -->
  <testcase name="@BeforeTest initialiseBrowser" time="0.0" classname="com.cs.ui.util.WebDriverBase">
    <ignored/>
  </testcase> <!-- @BeforeTest initialiseBrowser -->
  <testcase name="@BeforeTest initialiseBrowser" time="0.0" classname="com.cs.ui.util.WebDriverBase">
    <ignored/>
  </testcase> <!-- @BeforeTest initialiseBrowser -->
  <testcase name="@BeforeTest initialiseBrowser" time="0.0" classname="com.cs.ui.util.WebDriverBase">
    <ignored/>
  </testcase> <!-- @BeforeTest initialiseBrowser -->
  <testcase name="@BeforeTest initialiseBrowser" time="0.0" classname="com.cs.ui.util.WebDriverBase">
    <ignored/>
  </testcase> <!-- @BeforeTest initialiseBrowser -->
  <testcase name="@BeforeTest initialiseBrowser" time="0.0" classname="com.cs.ui.util.WebDriverBase">
    <ignored/>
  </testcase> <!-- @BeforeTest initialiseBrowser -->
  <testcase name="@BeforeTest initialiseBrowser" time="0.0" classname="com.cs.ui.util.WebDriverBase">
    <ignored/>
  </testcase> <!-- @BeforeTest initialiseBrowser -->
  <testcase name="@BeforeTest initialiseBrowser" time="0.0" classname="com.cs.ui.util.WebDriverBase">
    <ignored/>
  </testcase> <!-- @BeforeTest initialiseBrowser -->
  <testcase name="@BeforeTest initialiseBrowser" time="0.0" classname="com.cs.ui.util.WebDriverBase">
    <ignored/>
  </testcase> <!-- @BeforeTest initialiseBrowser -->
  <testcase name="@BeforeTest initialiseBrowser" time="0.0" classname="com.cs.ui.util.WebDriverBase">
    <ignored/>
  </testcase> <!-- @BeforeTest initialiseBrowser -->
  <testcase name="@BeforeTest initialiseBrowser" time="0.0" classname="com.cs.ui.util.WebDriverBase">
    <ignored/>
  </testcase> <!-- @BeforeTest initialiseBrowser -->
  <testcase name="@BeforeTest initialiseBrowser" time="0.0" classname="com.cs.ui.util.WebDriverBase">
    <ignored/>
  </testcase> <!-- @BeforeTest initialiseBrowser -->
  <testcase name="@BeforeTest initialiseBrowser" time="0.0" classname="com.cs.ui.util.WebDriverBase">
    <ignored/>
  </testcase> <!-- @BeforeTest initialiseBrowser -->
  <testcase name="@BeforeTest initialiseBrowser" time="0.0" classname="com.cs.ui.util.WebDriverBase">
    <ignored/>
  </testcase> <!-- @BeforeTest initialiseBrowser -->
</testsuite> <!-- Coinsquare NB Test -->
