<?xml version="1.0" encoding="UTF-8"?>
<testng-results skipped="0" failed="6" ignored="54" total="82" passed="22">
  <reporter-output>
  </reporter-output>
  <suite name="Suite" duration-ms="5114054" started-at="2018-08-17T13:30:25Z" finished-at="2018-08-17T14:55:39Z">
    <groups>
    </groups>
    <test name="Coinsquare NB Test" duration-ms="5114054" started-at="2018-08-17T13:30:25Z" finished-at="2018-08-17T14:55:39Z">
      <class name="com.cs.ui.test.nb.dashboard.quicktrade.C5522_BtcEth">
        <test-method status="PASS" signature="beforeClass()[pri:0, instance:com.cs.ui.test.nb.dashboard.quicktrade.C5522_BtcEth@1d251891]" name="beforeClass" is-config="true" duration-ms="0" started-at="2018-08-17T10:01:58Z" finished-at="2018-08-17T10:01:58Z">
          <reporter-output>
          </reporter-output>
        </test-method> <!-- beforeClass -->
        <test-method status="PASS" signature="quickTradeBtcEth()[pri:0, instance:com.cs.ui.test.nb.dashboard.quicktrade.C5522_BtcEth@1d251891]" name="quickTradeBtcEth" duration-ms="423300" started-at="2018-08-17T10:01:58Z" finished-at="2018-08-17T10:09:01Z">
          <reporter-output>
          </reporter-output>
        </test-method> <!-- quickTradeBtcEth -->
        <test-method status="PASS" signature="afterClass()[pri:0, instance:com.cs.ui.test.nb.dashboard.quicktrade.C5522_BtcEth@1d251891]" name="afterClass" is-config="true" duration-ms="0" started-at="2018-08-17T10:09:01Z" finished-at="2018-08-17T10:09:01Z">
          <reporter-output>
          </reporter-output>
        </test-method> <!-- afterClass -->
      </class> <!-- com.cs.ui.test.nb.dashboard.quicktrade.C5522_BtcEth -->
      <class name="com.cs.ui.test.nb.dashboard.quicktrade.percent.C5517_UsdEth_50Percent">
        <test-method status="PASS" signature="beforeClass()[pri:0, instance:com.cs.ui.test.nb.dashboard.quicktrade.percent.C5517_UsdEth_50Percent@6a5fc7f7]" name="beforeClass" is-config="true" duration-ms="0" started-at="2018-08-17T09:33:55Z" finished-at="2018-08-17T09:33:55Z">
          <reporter-output>
          </reporter-output>
        </test-method> <!-- beforeClass -->
        <test-method status="FAIL" signature="quickTradeUsdEth_50Percent()[pri:0, instance:com.cs.ui.test.nb.dashboard.quicktrade.percent.C5517_UsdEth_50Percent@6a5fc7f7]" name="quickTradeUsdEth_50Percent" duration-ms="34427" started-at="2018-08-17T09:33:55Z" finished-at="2018-08-17T09:34:29Z">
          <exception class="java.lang.AssertionError">
            <message>
              <![CDATA[expected [2.360] but found [2.36]]]>
            </message>
            <full-stacktrace>
              <![CDATA[java.lang.AssertionError: expected [2.360] but found [2.36]at org.testng.Assert.fail(Assert.java:96)at org.testng.Assert.failNotEquals(Assert.java:776)at org.testng.Assert.assertEqualsImpl(Assert.java:137)at org.testng.Assert.assertEquals(Assert.java:118)at org.testng.Assert.assertEquals(Assert.java:442)at com.cs.ui.feature.QuickTrade.verifyPercentAmt(QuickTrade.java:248)at com.cs.ui.feature.QuickTrade.quickTradeByPercentReQuote(QuickTrade.java:187)at com.cs.ui.test.nb.dashboard.quicktrade.percent.C5517_UsdEth_50Percent.quickTradeUsdEth_50Percent(C5517_UsdEth_50Percent.java:52)at sun.reflect.NativeMethodAccessorImpl.invoke0(Native Method)at sun.reflect.NativeMethodAccessorImpl.invoke(NativeMethodAccessorImpl.java:62)at sun.reflect.DelegatingMethodAccessorImpl.invoke(DelegatingMethodAccessorImpl.java:43)at java.lang.reflect.Method.invoke(Method.java:498)at org.testng.internal.MethodInvocationHelper.invokeMethod(MethodInvocationHelper.java:124)at org.testng.internal.Invoker.invokeMethod(Invoker.java:571)at org.testng.internal.Invoker.invokeTestMethod(Invoker.java:707)at org.testng.internal.Invoker.invokeTestMethods(Invoker.java:979)at org.testng.internal.TestMethodWorker.invokeTestMethods(TestMethodWorker.java:125)at org.testng.internal.TestMethodWorker.run(TestMethodWorker.java:109)at org.testng.TestRunner.privateRun(TestRunner.java:648)at org.testng.TestRunner.run(TestRunner.java:505)at org.testng.SuiteRunner.runTest(SuiteRunner.java:455)at org.testng.SuiteRunner.runSequentially(SuiteRunner.java:450)at org.testng.SuiteRunner.privateRun(SuiteRunner.java:415)at org.testng.SuiteRunner.run(SuiteRunner.java:364)at org.testng.SuiteRunnerWorker.runSuite(SuiteRunnerWorker.java:52)at org.testng.SuiteRunnerWorker.run(SuiteRunnerWorker.java:84)at org.testng.TestNG.runSuitesSequentially(TestNG.java:1187)at org.testng.TestNG.runSuitesLocally(TestNG.java:1116)at org.testng.TestNG.runSuites(TestNG.java:1028)at org.testng.TestNG.run(TestNG.java:996)at org.testng.TestNG.privateMain(TestNG.java:1330)at org.testng.TestNG.main(TestNG.java:1299)]]>
            </full-stacktrace>
          </exception> <!-- java.lang.AssertionError -->
          <reporter-output>
          </reporter-output>
        </test-method> <!-- quickTradeUsdEth_50Percent -->
        <test-method status="PASS" signature="afterClass()[pri:0, instance:com.cs.ui.test.nb.dashboard.quicktrade.percent.C5517_UsdEth_50Percent@6a5fc7f7]" name="afterClass" is-config="true" duration-ms="1" started-at="2018-08-17T09:34:29Z" finished-at="2018-08-17T09:34:29Z">
          <reporter-output>
          </reporter-output>
        </test-method> <!-- afterClass -->
      </class> <!-- com.cs.ui.test.nb.dashboard.quicktrade.percent.C5517_UsdEth_50Percent -->
      <class name="com.cs.ui.test.nb.dashboard.quicktrade.percent.C5518_UsdLtc_100Percent">
        <test-method status="PASS" signature="beforeClass()[pri:0, instance:com.cs.ui.test.nb.dashboard.quicktrade.percent.C5518_UsdLtc_100Percent@3b6eb2ec]" name="beforeClass" is-config="true" duration-ms="0" started-at="2018-08-17T09:41:35Z" finished-at="2018-08-17T09:41:35Z">
          <reporter-output>
          </reporter-output>
        </test-method> <!-- beforeClass -->
        <test-method status="PASS" signature="quickTradeUsdLTC_100Percent()[pri:0, instance:com.cs.ui.test.nb.dashboard.quicktrade.percent.C5518_UsdLtc_100Percent@3b6eb2ec]" name="quickTradeUsdLTC_100Percent" duration-ms="206376" started-at="2018-08-17T09:41:35Z" finished-at="2018-08-17T09:45:01Z">
          <reporter-output>
          </reporter-output>
        </test-method> <!-- quickTradeUsdLTC_100Percent -->
        <test-method status="PASS" signature="afterClass()[pri:0, instance:com.cs.ui.test.nb.dashboard.quicktrade.percent.C5518_UsdLtc_100Percent@3b6eb2ec]" name="afterClass" is-config="true" duration-ms="1" started-at="2018-08-17T09:45:01Z" finished-at="2018-08-17T09:45:01Z">
          <reporter-output>
          </reporter-output>
        </test-method> <!-- afterClass -->
      </class> <!-- com.cs.ui.test.nb.dashboard.quicktrade.percent.C5518_UsdLtc_100Percent -->
      <class name="com.cs.ui.test.nb.webpage.C8896_TradingFees">
        <test-method status="PASS" signature="beforeClass()[pri:0, instance:com.cs.ui.test.nb.webpage.C8896_TradingFees@b684286]" name="beforeClass" is-config="true" duration-ms="0" started-at="2018-08-17T09:53:54Z" finished-at="2018-08-17T09:53:54Z">
          <reporter-output>
          </reporter-output>
        </test-method> <!-- beforeClass -->
        <test-method status="PASS" signature="tradingFeesHtml()[pri:0, instance:com.cs.ui.test.nb.webpage.C8896_TradingFees@b684286]" name="tradingFeesHtml" duration-ms="20335" started-at="2018-08-17T09:53:54Z" finished-at="2018-08-17T09:54:15Z">
          <reporter-output>
          </reporter-output>
        </test-method> <!-- tradingFeesHtml -->
        <test-method status="PASS" signature="afterClass()[pri:0, instance:com.cs.ui.test.nb.webpage.C8896_TradingFees@b684286]" name="afterClass" is-config="true" duration-ms="0" started-at="2018-08-17T09:54:15Z" finished-at="2018-08-17T09:54:15Z">
          <reporter-output>
          </reporter-output>
        </test-method> <!-- afterClass -->
      </class> <!-- com.cs.ui.test.nb.webpage.C8896_TradingFees -->
      <class name="com.cs.ui.test.nb.dashboard.quicktrade.C5508_BtcLtc">
        <test-method status="PASS" signature="beforeClass()[pri:0, instance:com.cs.ui.test.nb.dashboard.quicktrade.C5508_BtcLtc@4c203ea1]" name="beforeClass" is-config="true" duration-ms="0" started-at="2018-08-17T09:48:57Z" finished-at="2018-08-17T09:48:57Z">
          <reporter-output>
          </reporter-output>
        </test-method> <!-- beforeClass -->
        <test-method status="PASS" signature="quickTradeBtcLtc()[pri:0, instance:com.cs.ui.test.nb.dashboard.quicktrade.C5508_BtcLtc@4c203ea1]" name="quickTradeBtcLtc" duration-ms="297338" started-at="2018-08-17T09:48:57Z" finished-at="2018-08-17T09:53:54Z">
          <reporter-output>
          </reporter-output>
        </test-method> <!-- quickTradeBtcLtc -->
        <test-method status="PASS" signature="afterClass()[pri:0, instance:com.cs.ui.test.nb.dashboard.quicktrade.C5508_BtcLtc@4c203ea1]" name="afterClass" is-config="true" duration-ms="0" started-at="2018-08-17T09:53:54Z" finished-at="2018-08-17T09:53:54Z">
          <reporter-output>
          </reporter-output>
        </test-method> <!-- afterClass -->
      </class> <!-- com.cs.ui.test.nb.dashboard.quicktrade.C5508_BtcLtc -->
      <class name="com.cs.ui.test.nb.dashboard.quicktrade.C5510_CadDash">
        <test-method status="PASS" signature="beforeClass()[pri:0, instance:com.cs.ui.test.nb.dashboard.quicktrade.C5510_CadDash@3ac3fd8b]" name="beforeClass" is-config="true" duration-ms="0" started-at="2018-08-17T10:49:55Z" finished-at="2018-08-17T10:49:55Z">
          <reporter-output>
          </reporter-output>
        </test-method> <!-- beforeClass -->
        <test-method status="PASS" signature="quickTradeCadDash()[pri:0, instance:com.cs.ui.test.nb.dashboard.quicktrade.C5510_CadDash@3ac3fd8b]" name="quickTradeCadDash" duration-ms="179600" started-at="2018-08-17T10:49:55Z" finished-at="2018-08-17T10:52:54Z">
          <reporter-output>
          </reporter-output>
        </test-method> <!-- quickTradeCadDash -->
        <test-method status="PASS" signature="afterClass()[pri:0, instance:com.cs.ui.test.nb.dashboard.quicktrade.C5510_CadDash@3ac3fd8b]" name="afterClass" is-config="true" duration-ms="3" started-at="2018-08-17T10:52:54Z" finished-at="2018-08-17T10:52:54Z">
          <reporter-output>
          </reporter-output>
        </test-method> <!-- afterClass -->
      </class> <!-- com.cs.ui.test.nb.dashboard.quicktrade.C5510_CadDash -->
      <class name="com.cs.ui.test.nb.dashboard.quicktrade.percent.C5511_UsdBtc_25Percent">
        <test-method status="PASS" signature="beforeClass()[pri:0, instance:com.cs.ui.test.nb.dashboard.quicktrade.percent.C5511_UsdBtc_25Percent@1e643faf]" name="beforeClass" is-config="true" duration-ms="0" started-at="2018-08-17T09:48:22Z" finished-at="2018-08-17T09:48:22Z">
          <reporter-output>
          </reporter-output>
        </test-method> <!-- beforeClass -->
        <test-method status="FAIL" signature="quickTradeUsdBtc_25Percent()[pri:0, instance:com.cs.ui.test.nb.dashboard.quicktrade.percent.C5511_UsdBtc_25Percent@1e643faf]" name="quickTradeUsdBtc_25Percent" duration-ms="30144" started-at="2018-08-17T09:48:22Z" finished-at="2018-08-17T09:48:52Z">
          <exception class="java.lang.AssertionError">
            <message>
              <![CDATA[expected [1.08] but found [1.0825]]]>
            </message>
            <full-stacktrace>
              <![CDATA[java.lang.AssertionError: expected [1.08] but found [1.0825]at org.testng.Assert.fail(Assert.java:96)at org.testng.Assert.failNotEquals(Assert.java:776)at org.testng.Assert.assertEqualsImpl(Assert.java:137)at org.testng.Assert.assertEquals(Assert.java:118)at org.testng.Assert.assertEquals(Assert.java:442)at com.cs.ui.feature.QuickTrade.verifyPercentAmt(QuickTrade.java:248)at com.cs.ui.feature.QuickTrade.quickTradeByPercentReQuote(QuickTrade.java:187)at com.cs.ui.test.nb.dashboard.quicktrade.percent.C5511_UsdBtc_25Percent.quickTradeUsdBtc_25Percent(C5511_UsdBtc_25Percent.java:52)at sun.reflect.NativeMethodAccessorImpl.invoke0(Native Method)at sun.reflect.NativeMethodAccessorImpl.invoke(NativeMethodAccessorImpl.java:62)at sun.reflect.DelegatingMethodAccessorImpl.invoke(DelegatingMethodAccessorImpl.java:43)at java.lang.reflect.Method.invoke(Method.java:498)at org.testng.internal.MethodInvocationHelper.invokeMethod(MethodInvocationHelper.java:124)at org.testng.internal.Invoker.invokeMethod(Invoker.java:571)at org.testng.internal.Invoker.invokeTestMethod(Invoker.java:707)at org.testng.internal.Invoker.invokeTestMethods(Invoker.java:979)at org.testng.internal.TestMethodWorker.invokeTestMethods(TestMethodWorker.java:125)at org.testng.internal.TestMethodWorker.run(TestMethodWorker.java:109)at org.testng.TestRunner.privateRun(TestRunner.java:648)at org.testng.TestRunner.run(TestRunner.java:505)at org.testng.SuiteRunner.runTest(SuiteRunner.java:455)at org.testng.SuiteRunner.runSequentially(SuiteRunner.java:450)at org.testng.SuiteRunner.privateRun(SuiteRunner.java:415)at org.testng.SuiteRunner.run(SuiteRunner.java:364)at org.testng.SuiteRunnerWorker.runSuite(SuiteRunnerWorker.java:52)at org.testng.SuiteRunnerWorker.run(SuiteRunnerWorker.java:84)at org.testng.TestNG.runSuitesSequentially(TestNG.java:1187)at org.testng.TestNG.runSuitesLocally(TestNG.java:1116)at org.testng.TestNG.runSuites(TestNG.java:1028)at org.testng.TestNG.run(TestNG.java:996)at org.testng.TestNG.privateMain(TestNG.java:1330)at org.testng.TestNG.main(TestNG.java:1299)]]>
            </full-stacktrace>
          </exception> <!-- java.lang.AssertionError -->
          <reporter-output>
          </reporter-output>
        </test-method> <!-- quickTradeUsdBtc_25Percent -->
        <test-method status="PASS" signature="afterClass()[pri:0, instance:com.cs.ui.test.nb.dashboard.quicktrade.percent.C5511_UsdBtc_25Percent@1e643faf]" name="afterClass" is-config="true" duration-ms="0" started-at="2018-08-17T09:48:52Z" finished-at="2018-08-17T09:48:52Z">
          <reporter-output>
          </reporter-output>
        </test-method> <!-- afterClass -->
      </class> <!-- com.cs.ui.test.nb.dashboard.quicktrade.percent.C5511_UsdBtc_25Percent -->
      <class name="com.cs.ui.test.nb.webpage.C8893_Contact">
        <test-method status="PASS" signature="beforeClass()[pri:0, instance:com.cs.ui.test.nb.webpage.C8893_Contact@39ba5a14]" name="beforeClass" is-config="true" duration-ms="0" started-at="2018-08-17T10:32:18Z" finished-at="2018-08-17T10:32:18Z">
          <reporter-output>
          </reporter-output>
        </test-method> <!-- beforeClass -->
        <test-method status="PASS" signature="contactPageHtml()[pri:0, instance:com.cs.ui.test.nb.webpage.C8893_Contact@39ba5a14]" name="contactPageHtml" duration-ms="21022" started-at="2018-08-17T10:32:18Z" finished-at="2018-08-17T10:32:39Z">
          <reporter-output>
          </reporter-output>
        </test-method> <!-- contactPageHtml -->
        <test-method status="PASS" signature="afterClass()[pri:0, instance:com.cs.ui.test.nb.webpage.C8893_Contact@39ba5a14]" name="afterClass" is-config="true" duration-ms="0" started-at="2018-08-17T10:32:39Z" finished-at="2018-08-17T10:32:39Z">
          <reporter-output>
          </reporter-output>
        </test-method> <!-- afterClass -->
      </class> <!-- com.cs.ui.test.nb.webpage.C8893_Contact -->
      <class name="com.cs.ui.test.nb.webpage.C8894_FundingOptions">
        <test-method status="PASS" signature="beforeClass()[pri:0, instance:com.cs.ui.test.nb.webpage.C8894_FundingOptions@7f63425a]" name="beforeClass" is-config="true" duration-ms="0" started-at="2018-08-17T10:16:19Z" finished-at="2018-08-17T10:16:19Z">
          <reporter-output>
          </reporter-output>
        </test-method> <!-- beforeClass -->
        <test-method status="PASS" signature="fundingOptionsHtml()[pri:0, instance:com.cs.ui.test.nb.webpage.C8894_FundingOptions@7f63425a]" name="fundingOptionsHtml" duration-ms="8668" started-at="2018-08-17T10:16:19Z" finished-at="2018-08-17T10:16:28Z">
          <reporter-output>
          </reporter-output>
        </test-method> <!-- fundingOptionsHtml -->
        <test-method status="PASS" signature="afterClass()[pri:0, instance:com.cs.ui.test.nb.webpage.C8894_FundingOptions@7f63425a]" name="afterClass" is-config="true" duration-ms="0" started-at="2018-08-17T10:16:28Z" finished-at="2018-08-17T10:16:28Z">
          <reporter-output>
          </reporter-output>
        </test-method> <!-- afterClass -->
      </class> <!-- com.cs.ui.test.nb.webpage.C8894_FundingOptions -->
      <class name="com.cs.ui.test.nb.dashboard.quicktrade.C5529_DogeBch">
        <test-method status="PASS" signature="beforeClass()[pri:0, instance:com.cs.ui.test.nb.dashboard.quicktrade.C5529_DogeBch@e580929]" name="beforeClass" is-config="true" duration-ms="1" started-at="2018-08-17T09:30:49Z" finished-at="2018-08-17T09:30:49Z">
          <reporter-output>
          </reporter-output>
        </test-method> <!-- beforeClass -->
        <test-method status="FAIL" signature="quickTradeDogeBch()[pri:0, instance:com.cs.ui.test.nb.dashboard.quicktrade.C5529_DogeBch@e580929]" name="quickTradeDogeBch" duration-ms="185696" started-at="2018-08-17T09:30:49Z" finished-at="2018-08-17T09:33:55Z">
          <exception class="java.lang.AssertionError">
            <message>
              <![CDATA[expected [true] but found [false]]]>
            </message>
            <full-stacktrace>
              <![CDATA[java.lang.AssertionError: expected [true] but found [false]at org.testng.Assert.fail(Assert.java:96)at org.testng.Assert.failNotEquals(Assert.java:776)at org.testng.Assert.assertTrue(Assert.java:44)at org.testng.Assert.assertTrue(Assert.java:54)at com.cs.ui.feature.Transactions.verifyLedger(Transactions.java:229)at com.cs.ui.test.nb.dashboard.quicktrade.C5529_DogeBch.quickTradeDogeBch(C5529_DogeBch.java:84)at sun.reflect.NativeMethodAccessorImpl.invoke0(Native Method)at sun.reflect.NativeMethodAccessorImpl.invoke(NativeMethodAccessorImpl.java:62)at sun.reflect.DelegatingMethodAccessorImpl.invoke(DelegatingMethodAccessorImpl.java:43)at java.lang.reflect.Method.invoke(Method.java:498)at org.testng.internal.MethodInvocationHelper.invokeMethod(MethodInvocationHelper.java:124)at org.testng.internal.Invoker.invokeMethod(Invoker.java:571)at org.testng.internal.Invoker.invokeTestMethod(Invoker.java:707)at org.testng.internal.Invoker.invokeTestMethods(Invoker.java:979)at org.testng.internal.TestMethodWorker.invokeTestMethods(TestMethodWorker.java:125)at org.testng.internal.TestMethodWorker.run(TestMethodWorker.java:109)at org.testng.TestRunner.privateRun(TestRunner.java:648)at org.testng.TestRunner.run(TestRunner.java:505)at org.testng.SuiteRunner.runTest(SuiteRunner.java:455)at org.testng.SuiteRunner.runSequentially(SuiteRunner.java:450)at org.testng.SuiteRunner.privateRun(SuiteRunner.java:415)at org.testng.SuiteRunner.run(SuiteRunner.java:364)at org.testng.SuiteRunnerWorker.runSuite(SuiteRunnerWorker.java:52)at org.testng.SuiteRunnerWorker.run(SuiteRunnerWorker.java:84)at org.testng.TestNG.runSuitesSequentially(TestNG.java:1187)at org.testng.TestNG.runSuitesLocally(TestNG.java:1116)at org.testng.TestNG.runSuites(TestNG.java:1028)at org.testng.TestNG.run(TestNG.java:996)at org.testng.TestNG.privateMain(TestNG.java:1330)at org.testng.TestNG.main(TestNG.java:1299)]]>
            </full-stacktrace>
          </exception> <!-- java.lang.AssertionError -->
          <reporter-output>
          </reporter-output>
        </test-method> <!-- quickTradeDogeBch -->
        <test-method status="PASS" signature="afterClass()[pri:0, instance:com.cs.ui.test.nb.dashboard.quicktrade.C5529_DogeBch@e580929]" name="afterClass" is-config="true" duration-ms="1" started-at="2018-08-17T09:33:55Z" finished-at="2018-08-17T09:33:55Z">
          <reporter-output>
          </reporter-output>
        </test-method> <!-- afterClass -->
      </class> <!-- com.cs.ui.test.nb.dashboard.quicktrade.C5529_DogeBch -->
      <class name="com.cs.ui.test.nb.dashboard.quicktrade.C5525_BtcDash">
        <test-method status="PASS" signature="beforeClass()[pri:0, instance:com.cs.ui.test.nb.dashboard.quicktrade.C5525_BtcDash@27f674d]" name="beforeClass" is-config="true" duration-ms="1" started-at="2018-08-17T09:54:15Z" finished-at="2018-08-17T09:54:15Z">
          <reporter-output>
          </reporter-output>
        </test-method> <!-- beforeClass -->
        <test-method status="PASS" signature="quickTradeBtcDash()[pri:0, instance:com.cs.ui.test.nb.dashboard.quicktrade.C5525_BtcDash@27f674d]" name="quickTradeBtcDash" duration-ms="458089" started-at="2018-08-17T09:54:15Z" finished-at="2018-08-17T10:01:53Z">
          <reporter-output>
          </reporter-output>
        </test-method> <!-- quickTradeBtcDash -->
        <test-method status="PASS" signature="afterClass()[pri:0, instance:com.cs.ui.test.nb.dashboard.quicktrade.C5525_BtcDash@27f674d]" name="afterClass" is-config="true" duration-ms="1" started-at="2018-08-17T10:01:53Z" finished-at="2018-08-17T10:01:53Z">
          <reporter-output>
          </reporter-output>
        </test-method> <!-- afterClass -->
      </class> <!-- com.cs.ui.test.nb.dashboard.quicktrade.C5525_BtcDash -->
      <class name="com.cs.ui.test.nb.dashboard.quicktrade.C5523_BtcBch">
        <test-method status="PASS" signature="beforeClass()[pri:0, instance:com.cs.ui.test.nb.dashboard.quicktrade.C5523_BtcBch@58ceff1]" name="beforeClass" is-config="true" duration-ms="0" started-at="2018-08-17T10:16:28Z" finished-at="2018-08-17T10:16:28Z">
          <reporter-output>
          </reporter-output>
        </test-method> <!-- beforeClass -->
        <test-method status="PASS" signature="quickTradeBtcBch()[pri:0, instance:com.cs.ui.test.nb.dashboard.quicktrade.C5523_BtcBch@58ceff1]" name="quickTradeBtcBch" duration-ms="429756" started-at="2018-08-17T10:16:28Z" finished-at="2018-08-17T10:23:38Z">
          <reporter-output>
          </reporter-output>
        </test-method> <!-- quickTradeBtcBch -->
        <test-method status="PASS" signature="afterClass()[pri:0, instance:com.cs.ui.test.nb.dashboard.quicktrade.C5523_BtcBch@58ceff1]" name="afterClass" is-config="true" duration-ms="0" started-at="2018-08-17T10:23:38Z" finished-at="2018-08-17T10:23:38Z">
          <reporter-output>
          </reporter-output>
        </test-method> <!-- afterClass -->
      </class> <!-- com.cs.ui.test.nb.dashboard.quicktrade.C5523_BtcBch -->
      <class name="com.cs.ui.test.nb.dashboard.quicktrade.C5504_CadDoge">
        <test-method status="PASS" signature="quickTradeCadDoge()[pri:0, instance:com.cs.ui.test.nb.dashboard.quicktrade.C5504_CadDoge@2133c8f8]" name="quickTradeCadDoge" duration-ms="440395" started-at="2018-08-17T10:39:39Z" finished-at="2018-08-17T10:47:00Z">
          <reporter-output>
          </reporter-output>
        </test-method> <!-- quickTradeCadDoge -->
        <test-method status="PASS" signature="beforeClass()[pri:0, instance:com.cs.ui.test.nb.dashboard.quicktrade.C5504_CadDoge@2133c8f8]" name="beforeClass" is-config="true" duration-ms="0" started-at="2018-08-17T10:39:39Z" finished-at="2018-08-17T10:39:39Z">
          <reporter-output>
          </reporter-output>
        </test-method> <!-- beforeClass -->
        <test-method status="PASS" signature="afterClass()[pri:0, instance:com.cs.ui.test.nb.dashboard.quicktrade.C5504_CadDoge@2133c8f8]" name="afterClass" is-config="true" duration-ms="1" started-at="2018-08-17T10:47:00Z" finished-at="2018-08-17T10:47:00Z">
          <reporter-output>
          </reporter-output>
        </test-method> <!-- afterClass -->
      </class> <!-- com.cs.ui.test.nb.dashboard.quicktrade.C5504_CadDoge -->
      <class name="com.cs.ui.test.nb.webpage.C8895_About">
        <test-method status="PASS" signature="aboutPageHtml()[pri:0, instance:com.cs.ui.test.nb.webpage.C8895_About@36d64342]" name="aboutPageHtml" duration-ms="36109" started-at="2018-08-17T10:23:38Z" finished-at="2018-08-17T10:24:14Z">
          <reporter-output>
          </reporter-output>
        </test-method> <!-- aboutPageHtml -->
        <test-method status="PASS" signature="beforeClass()[pri:0, instance:com.cs.ui.test.nb.webpage.C8895_About@36d64342]" name="beforeClass" is-config="true" duration-ms="0" started-at="2018-08-17T10:23:38Z" finished-at="2018-08-17T10:23:38Z">
          <reporter-output>
          </reporter-output>
        </test-method> <!-- beforeClass -->
        <test-method status="PASS" signature="afterClass()[pri:0, instance:com.cs.ui.test.nb.webpage.C8895_About@36d64342]" name="afterClass" is-config="true" duration-ms="0" started-at="2018-08-17T10:24:14Z" finished-at="2018-08-17T10:24:14Z">
          <reporter-output>
          </reporter-output>
        </test-method> <!-- afterClass -->
      </class> <!-- com.cs.ui.test.nb.webpage.C8895_About -->
      <class name="com.cs.ui.test.nb.dashboard.quicktrade.C5524_BtcDoge">
        <test-method status="PASS" signature="quickTradeBtcDoge()[pri:0, instance:com.cs.ui.test.nb.dashboard.quicktrade.C5524_BtcDoge@7c30a502]" name="quickTradeBtcDoge" duration-ms="483599" started-at="2018-08-17T10:24:14Z" finished-at="2018-08-17T10:32:18Z">
          <reporter-output>
          </reporter-output>
        </test-method> <!-- quickTradeBtcDoge -->
        <test-method status="PASS" signature="beforeClass()[pri:0, instance:com.cs.ui.test.nb.dashboard.quicktrade.C5524_BtcDoge@7c30a502]" name="beforeClass" is-config="true" duration-ms="0" started-at="2018-08-17T10:24:14Z" finished-at="2018-08-17T10:24:14Z">
          <reporter-output>
          </reporter-output>
        </test-method> <!-- beforeClass -->
        <test-method status="PASS" signature="afterClass()[pri:0, instance:com.cs.ui.test.nb.dashboard.quicktrade.C5524_BtcDoge@7c30a502]" name="afterClass" is-config="true" duration-ms="1" started-at="2018-08-17T10:32:18Z" finished-at="2018-08-17T10:32:18Z">
          <reporter-output>
          </reporter-output>
        </test-method> <!-- afterClass -->
      </class> <!-- com.cs.ui.test.nb.dashboard.quicktrade.C5524_BtcDoge -->
      <class name="com.cs.ui.test.nb.webpage.C8897_TermsAndConditions">
        <test-method status="PASS" signature="beforeClass()[pri:0, instance:com.cs.ui.test.nb.webpage.C8897_TermsAndConditions@6e8dacdf]" name="beforeClass" is-config="true" duration-ms="1" started-at="2018-08-17T09:34:29Z" finished-at="2018-08-17T09:34:29Z">
          <reporter-output>
          </reporter-output>
        </test-method> <!-- beforeClass -->
        <test-method status="PASS" signature="termsPageHtml()[pri:0, instance:com.cs.ui.test.nb.webpage.C8897_TermsAndConditions@6e8dacdf]" name="termsPageHtml" duration-ms="5693" started-at="2018-08-17T09:34:29Z" finished-at="2018-08-17T09:34:35Z">
          <reporter-output>
          </reporter-output>
        </test-method> <!-- termsPageHtml -->
        <test-method status="PASS" signature="afterClass()[pri:0, instance:com.cs.ui.test.nb.webpage.C8897_TermsAndConditions@6e8dacdf]" name="afterClass" is-config="true" duration-ms="0" started-at="2018-08-17T09:34:35Z" finished-at="2018-08-17T09:34:35Z">
          <reporter-output>
          </reporter-output>
        </test-method> <!-- afterClass -->
      </class> <!-- com.cs.ui.test.nb.webpage.C8897_TermsAndConditions -->
      <class name="com.cs.ui.test.nb.dashboard.quicktrade.C5507_CadUsd">
        <test-method status="PASS" signature="beforeClass()[pri:0, instance:com.cs.ui.test.nb.dashboard.quicktrade.C5507_CadUsd@7c75222b]" name="beforeClass" is-config="true" duration-ms="0" started-at="2018-08-17T09:45:10Z" finished-at="2018-08-17T09:45:10Z">
          <reporter-output>
          </reporter-output>
        </test-method> <!-- beforeClass -->
        <test-method status="PASS" signature="quickTradeCadUsd()[pri:0, instance:com.cs.ui.test.nb.dashboard.quicktrade.C5507_CadUsd@7c75222b]" name="quickTradeCadUsd" duration-ms="191517" started-at="2018-08-17T09:45:10Z" finished-at="2018-08-17T09:48:22Z">
          <reporter-output>
          </reporter-output>
        </test-method> <!-- quickTradeCadUsd -->
        <test-method status="PASS" signature="afterClass()[pri:0, instance:com.cs.ui.test.nb.dashboard.quicktrade.C5507_CadUsd@7c75222b]" name="afterClass" is-config="true" duration-ms="0" started-at="2018-08-17T09:48:22Z" finished-at="2018-08-17T09:48:22Z">
          <reporter-output>
          </reporter-output>
        </test-method> <!-- afterClass -->
      </class> <!-- com.cs.ui.test.nb.dashboard.quicktrade.C5507_CadUsd -->
      <class name="com.cs.ui.test.nb.webpage.C8899_AMLPolicy">
        <test-method status="PASS" signature="beforeClass()[pri:0, instance:com.cs.ui.test.nb.webpage.C8899_AMLPolicy@3f3afe78]" name="beforeClass" is-config="true" duration-ms="4" started-at="2018-08-17T10:09:01Z" finished-at="2018-08-17T10:09:01Z">
          <reporter-output>
          </reporter-output>
        </test-method> <!-- beforeClass -->
        <test-method status="PASS" signature="amlPolicyHtml()[pri:0, instance:com.cs.ui.test.nb.webpage.C8899_AMLPolicy@3f3afe78]" name="amlPolicyHtml" duration-ms="12471" started-at="2018-08-17T10:09:01Z" finished-at="2018-08-17T10:09:14Z">
          <reporter-output>
          </reporter-output>
        </test-method> <!-- amlPolicyHtml -->
        <test-method status="PASS" signature="afterClass()[pri:0, instance:com.cs.ui.test.nb.webpage.C8899_AMLPolicy@3f3afe78]" name="afterClass" is-config="true" duration-ms="1" started-at="2018-08-17T10:09:14Z" finished-at="2018-08-17T10:09:14Z">
          <reporter-output>
          </reporter-output>
        </test-method> <!-- afterClass -->
      </class> <!-- com.cs.ui.test.nb.webpage.C8899_AMLPolicy -->
      <class name="com.cs.ui.test.nb.dashboard.quicktrade.C5505_CadBch">
        <test-method status="PASS" signature="beforeClass()[pri:0, instance:com.cs.ui.test.nb.dashboard.quicktrade.C5505_CadBch@1cd072a9]" name="beforeClass" is-config="true" duration-ms="1" started-at="2018-08-17T09:34:35Z" finished-at="2018-08-17T09:34:35Z">
          <reporter-output>
          </reporter-output>
        </test-method> <!-- beforeClass -->
        <test-method status="FAIL" signature="quickTradeCadBch()[pri:0, instance:com.cs.ui.test.nb.dashboard.quicktrade.C5505_CadBch@1cd072a9]" name="quickTradeCadBch" duration-ms="420074" started-at="2018-08-17T09:34:35Z" finished-at="2018-08-17T09:41:35Z">
          <exception class="java.lang.NullPointerException">
            <full-stacktrace>
              <![CDATA[java.lang.NullPointerExceptionat com.cs.ui.util.WebActionUtil.selectDropdown(WebActionUtil.java:129)at com.cs.ui.feature.QuickTrade.quickTradeReturnQuote(QuickTrade.java:128)at com.cs.ui.test.nb.dashboard.quicktrade.C5505_CadBch.quickTradeCadBch(C5505_CadBch.java:84)at sun.reflect.NativeMethodAccessorImpl.invoke0(Native Method)at sun.reflect.NativeMethodAccessorImpl.invoke(NativeMethodAccessorImpl.java:62)at sun.reflect.DelegatingMethodAccessorImpl.invoke(DelegatingMethodAccessorImpl.java:43)at java.lang.reflect.Method.invoke(Method.java:498)at org.testng.internal.MethodInvocationHelper.invokeMethod(MethodInvocationHelper.java:124)at org.testng.internal.Invoker.invokeMethod(Invoker.java:571)at org.testng.internal.Invoker.invokeTestMethod(Invoker.java:707)at org.testng.internal.Invoker.invokeTestMethods(Invoker.java:979)at org.testng.internal.TestMethodWorker.invokeTestMethods(TestMethodWorker.java:125)at org.testng.internal.TestMethodWorker.run(TestMethodWorker.java:109)at org.testng.TestRunner.privateRun(TestRunner.java:648)at org.testng.TestRunner.run(TestRunner.java:505)at org.testng.SuiteRunner.runTest(SuiteRunner.java:455)at org.testng.SuiteRunner.runSequentially(SuiteRunner.java:450)at org.testng.SuiteRunner.privateRun(SuiteRunner.java:415)at org.testng.SuiteRunner.run(SuiteRunner.java:364)at org.testng.SuiteRunnerWorker.runSuite(SuiteRunnerWorker.java:52)at org.testng.SuiteRunnerWorker.run(SuiteRunnerWorker.java:84)at org.testng.TestNG.runSuitesSequentially(TestNG.java:1187)at org.testng.TestNG.runSuitesLocally(TestNG.java:1116)at org.testng.TestNG.runSuites(TestNG.java:1028)at org.testng.TestNG.run(TestNG.java:996)at org.testng.TestNG.privateMain(TestNG.java:1330)at org.testng.TestNG.main(TestNG.java:1299)]]>
            </full-stacktrace>
          </exception> <!-- java.lang.NullPointerException -->
          <reporter-output>
          </reporter-output>
        </test-method> <!-- quickTradeCadBch -->
        <test-method status="PASS" signature="afterClass()[pri:0, instance:com.cs.ui.test.nb.dashboard.quicktrade.C5505_CadBch@1cd072a9]" name="afterClass" is-config="true" duration-ms="3" started-at="2018-08-17T09:41:35Z" finished-at="2018-08-17T09:41:35Z">
          <reporter-output>
          </reporter-output>
        </test-method> <!-- afterClass -->
      </class> <!-- com.cs.ui.test.nb.dashboard.quicktrade.C5505_CadBch -->
      <class name="com.cs.ui.test.nb.webpage.C8882_HomePage">
        <test-method status="PASS" signature="beforeClass()[pri:0, instance:com.cs.ui.test.nb.webpage.C8882_HomePage@7a79be86]" name="beforeClass" is-config="true" duration-ms="0" started-at="2018-08-17T09:45:01Z" finished-at="2018-08-17T09:45:01Z">
          <reporter-output>
          </reporter-output>
        </test-method> <!-- beforeClass -->
        <test-method status="FAIL" signature="homePageHtml()[pri:0, instance:com.cs.ui.test.nb.webpage.C8882_HomePage@7a79be86]" name="homePageHtml" duration-ms="8670" started-at="2018-08-17T09:45:01Z" finished-at="2018-08-17T09:45:10Z">
          <exception class="java.lang.NullPointerException">
            <full-stacktrace>
              <![CDATA[java.lang.NullPointerExceptionat com.cs.ks.util.KSU.writeHtmlToFile(KSU.java:88)at com.cs.ui.test.nb.webpage.C8882_HomePage.homePageHtml(C8882_HomePage.java:53)at sun.reflect.NativeMethodAccessorImpl.invoke0(Native Method)at sun.reflect.NativeMethodAccessorImpl.invoke(NativeMethodAccessorImpl.java:62)at sun.reflect.DelegatingMethodAccessorImpl.invoke(DelegatingMethodAccessorImpl.java:43)at java.lang.reflect.Method.invoke(Method.java:498)at org.testng.internal.MethodInvocationHelper.invokeMethod(MethodInvocationHelper.java:124)at org.testng.internal.Invoker.invokeMethod(Invoker.java:571)at org.testng.internal.Invoker.invokeTestMethod(Invoker.java:707)at org.testng.internal.Invoker.invokeTestMethods(Invoker.java:979)at org.testng.internal.TestMethodWorker.invokeTestMethods(TestMethodWorker.java:125)at org.testng.internal.TestMethodWorker.run(TestMethodWorker.java:109)at org.testng.TestRunner.privateRun(TestRunner.java:648)at org.testng.TestRunner.run(TestRunner.java:505)at org.testng.SuiteRunner.runTest(SuiteRunner.java:455)at org.testng.SuiteRunner.runSequentially(SuiteRunner.java:450)at org.testng.SuiteRunner.privateRun(SuiteRunner.java:415)at org.testng.SuiteRunner.run(SuiteRunner.java:364)at org.testng.SuiteRunnerWorker.runSuite(SuiteRunnerWorker.java:52)at org.testng.SuiteRunnerWorker.run(SuiteRunnerWorker.java:84)at org.testng.TestNG.runSuitesSequentially(TestNG.java:1187)at org.testng.TestNG.runSuitesLocally(TestNG.java:1116)at org.testng.TestNG.runSuites(TestNG.java:1028)at org.testng.TestNG.run(TestNG.java:996)at org.testng.TestNG.privateMain(TestNG.java:1330)at org.testng.TestNG.main(TestNG.java:1299)]]>
            </full-stacktrace>
          </exception> <!-- java.lang.NullPointerException -->
          <reporter-output>
          </reporter-output>
        </test-method> <!-- homePageHtml -->
        <test-method status="PASS" signature="afterClass()[pri:0, instance:com.cs.ui.test.nb.webpage.C8882_HomePage@7a79be86]" name="afterClass" is-config="true" duration-ms="0" started-at="2018-08-17T09:45:10Z" finished-at="2018-08-17T09:45:10Z">
          <reporter-output>
          </reporter-output>
        </test-method> <!-- afterClass -->
      </class> <!-- com.cs.ui.test.nb.webpage.C8882_HomePage -->
      <class name="com.cs.ui.test.nb.webpage.C8898_PrivacyPolicy">
        <test-method status="PASS" signature="beforeClass()[pri:0, instance:com.cs.ui.test.nb.webpage.C8898_PrivacyPolicy@34ce8af7]" name="beforeClass" is-config="true" duration-ms="0" started-at="2018-08-17T09:48:52Z" finished-at="2018-08-17T09:48:52Z">
          <reporter-output>
          </reporter-output>
        </test-method> <!-- beforeClass -->
        <test-method status="PASS" signature="privacyPolicyHtml()[pri:0, instance:com.cs.ui.test.nb.webpage.C8898_PrivacyPolicy@34ce8af7]" name="privacyPolicyHtml" duration-ms="5153" started-at="2018-08-17T09:48:52Z" finished-at="2018-08-17T09:48:57Z">
          <reporter-output>
          </reporter-output>
        </test-method> <!-- privacyPolicyHtml -->
        <test-method status="PASS" signature="afterClass()[pri:0, instance:com.cs.ui.test.nb.webpage.C8898_PrivacyPolicy@34ce8af7]" name="afterClass" is-config="true" duration-ms="0" started-at="2018-08-17T09:48:57Z" finished-at="2018-08-17T09:48:57Z">
          <reporter-output>
          </reporter-output>
        </test-method> <!-- afterClass -->
      </class> <!-- com.cs.ui.test.nb.webpage.C8898_PrivacyPolicy -->
      <class name="com.cs.ui.test.nb.dashboard.C5479_loginLogout">
        <test-method status="PASS" signature="initialiseBrowser()[pri:0, instance:com.cs.ui.test.nb.dashboard.C5479_loginLogout@2752f6e2]" name="initialiseBrowser" is-config="true" duration-ms="5057" started-at="2018-08-17T09:30:25Z" finished-at="2018-08-17T09:30:30Z">
          <reporter-output>
          </reporter-output>
        </test-method> <!-- initialiseBrowser -->
        <test-method status="PASS" signature="beforeClass()[pri:0, instance:com.cs.ui.test.nb.dashboard.C5479_loginLogout@2752f6e2]" name="beforeClass" is-config="true" duration-ms="1" started-at="2018-08-17T09:30:30Z" finished-at="2018-08-17T09:30:30Z">
          <reporter-output>
          </reporter-output>
        </test-method> <!-- beforeClass -->
        <test-method status="PASS" signature="loginLogout()[pri:0, instance:com.cs.ui.test.nb.dashboard.C5479_loginLogout@2752f6e2]" name="loginLogout" duration-ms="18764" started-at="2018-08-17T09:30:30Z" finished-at="2018-08-17T09:30:49Z">
          <reporter-output>
          </reporter-output>
        </test-method> <!-- loginLogout -->
        <test-method status="PASS" signature="afterClass()[pri:0, instance:com.cs.ui.test.nb.dashboard.C5479_loginLogout@2752f6e2]" name="afterClass" is-config="true" duration-ms="1" started-at="2018-08-17T09:30:49Z" finished-at="2018-08-17T09:30:49Z">
          <reporter-output>
          </reporter-output>
        </test-method> <!-- afterClass -->
        <test-method status="PASS" signature="closeBrowser()[pri:0, instance:com.cs.ui.test.nb.dashboard.C5479_loginLogout@2752f6e2]" name="closeBrowser" is-config="true" duration-ms="896" started-at="2018-08-17T10:55:38Z" finished-at="2018-08-17T10:55:39Z">
          <reporter-output>
          </reporter-output>
        </test-method> <!-- closeBrowser -->
      </class> <!-- com.cs.ui.test.nb.dashboard.C5479_loginLogout -->
      <class name="com.cs.ui.test.nb.dashboard.quicktrade.C5506_CadBtc">
        <test-method status="PASS" signature="beforeClass()[pri:0, instance:com.cs.ui.test.nb.dashboard.quicktrade.C5506_CadBtc@49e4cb85]" name="beforeClass" is-config="true" duration-ms="1" started-at="2018-08-17T10:32:39Z" finished-at="2018-08-17T10:32:39Z">
          <reporter-output>
          </reporter-output>
        </test-method> <!-- beforeClass -->
        <test-method status="PASS" signature="quickTradeCadBtc()[pri:0, instance:com.cs.ui.test.nb.dashboard.quicktrade.C5506_CadBtc@49e4cb85]" name="quickTradeCadBtc" duration-ms="400196" started-at="2018-08-17T10:32:39Z" finished-at="2018-08-17T10:39:19Z">
          <reporter-output>
          </reporter-output>
        </test-method> <!-- quickTradeCadBtc -->
        <test-method status="PASS" signature="afterClass()[pri:0, instance:com.cs.ui.test.nb.dashboard.quicktrade.C5506_CadBtc@49e4cb85]" name="afterClass" is-config="true" duration-ms="0" started-at="2018-08-17T10:39:19Z" finished-at="2018-08-17T10:39:19Z">
          <reporter-output>
          </reporter-output>
        </test-method> <!-- afterClass -->
      </class> <!-- com.cs.ui.test.nb.dashboard.quicktrade.C5506_CadBtc -->
      <class name="com.cs.ui.test.nb.webpage.C8887_HowItWorks">
        <test-method status="PASS" signature="beforeClass()[pri:0, instance:com.cs.ui.test.nb.webpage.C8887_HowItWorks@880ec60]" name="beforeClass" is-config="true" duration-ms="0" started-at="2018-08-17T10:01:53Z" finished-at="2018-08-17T10:01:53Z">
          <reporter-output>
          </reporter-output>
        </test-method> <!-- beforeClass -->
        <test-method status="PASS" signature="howItWorksHtml()[pri:0, instance:com.cs.ui.test.nb.webpage.C8887_HowItWorks@880ec60]" name="howItWorksHtml" duration-ms="4973" started-at="2018-08-17T10:01:53Z" finished-at="2018-08-17T10:01:58Z">
          <reporter-output>
          </reporter-output>
        </test-method> <!-- howItWorksHtml -->
        <test-method status="PASS" signature="afterClass()[pri:0, instance:com.cs.ui.test.nb.webpage.C8887_HowItWorks@880ec60]" name="afterClass" is-config="true" duration-ms="0" started-at="2018-08-17T10:01:58Z" finished-at="2018-08-17T10:01:58Z">
          <reporter-output>
          </reporter-output>
        </test-method> <!-- afterClass -->
      </class> <!-- com.cs.ui.test.nb.webpage.C8887_HowItWorks -->
      <class name="com.cs.ui.test.nb.dashboard.quicktrade.C5503_CadLtc">
        <test-method status="PASS" signature="beforeClass()[pri:0, instance:com.cs.ui.test.nb.dashboard.quicktrade.C5503_CadLtc@43a25848]" name="beforeClass" is-config="true" duration-ms="0" started-at="2018-08-17T10:47:00Z" finished-at="2018-08-17T10:47:00Z">
          <reporter-output>
          </reporter-output>
        </test-method> <!-- beforeClass -->
        <test-method status="PASS" signature="quickTradeCadLtc()[pri:0, instance:com.cs.ui.test.nb.dashboard.quicktrade.C5503_CadLtc@43a25848]" name="quickTradeCadLtc" duration-ms="175231" started-at="2018-08-17T10:47:00Z" finished-at="2018-08-17T10:49:55Z">
          <reporter-output>
          </reporter-output>
        </test-method> <!-- quickTradeCadLtc -->
        <test-method status="PASS" signature="afterClass()[pri:0, instance:com.cs.ui.test.nb.dashboard.quicktrade.C5503_CadLtc@43a25848]" name="afterClass" is-config="true" duration-ms="1" started-at="2018-08-17T10:49:55Z" finished-at="2018-08-17T10:49:55Z">
          <reporter-output>
          </reporter-output>
        </test-method> <!-- afterClass -->
      </class> <!-- com.cs.ui.test.nb.dashboard.quicktrade.C5503_CadLtc -->
      <class name="com.cs.ui.test.nb.dashboard.quicktrade.C5528_LtcEth">
        <test-method status="PASS" signature="beforeClass()[pri:0, instance:com.cs.ui.test.nb.dashboard.quicktrade.C5528_LtcEth@5594a1b5]" name="beforeClass" is-config="true" duration-ms="0" started-at="2018-08-17T10:52:54Z" finished-at="2018-08-17T10:52:54Z">
          <reporter-output>
          </reporter-output>
        </test-method> <!-- beforeClass -->
        <test-method status="FAIL" signature="quickTradeLtcEth()[pri:0, instance:com.cs.ui.test.nb.dashboard.quicktrade.C5528_LtcEth@5594a1b5]" name="quickTradeLtcEth" duration-ms="164038" started-at="2018-08-17T10:52:54Z" finished-at="2018-08-17T10:55:38Z">
          <exception class="java.lang.AssertionError">
            <message>
              <![CDATA[expected [true] but found [false]]]>
            </message>
            <full-stacktrace>
              <![CDATA[java.lang.AssertionError: expected [true] but found [false]at org.testng.Assert.fail(Assert.java:96)at org.testng.Assert.failNotEquals(Assert.java:776)at org.testng.Assert.assertTrue(Assert.java:44)at org.testng.Assert.assertTrue(Assert.java:54)at com.cs.ui.feature.Transactions.verifyLedger(Transactions.java:229)at com.cs.ui.test.nb.dashboard.quicktrade.C5528_LtcEth.quickTradeLtcEth(C5528_LtcEth.java:84)at sun.reflect.NativeMethodAccessorImpl.invoke0(Native Method)at sun.reflect.NativeMethodAccessorImpl.invoke(NativeMethodAccessorImpl.java:62)at sun.reflect.DelegatingMethodAccessorImpl.invoke(DelegatingMethodAccessorImpl.java:43)at java.lang.reflect.Method.invoke(Method.java:498)at org.testng.internal.MethodInvocationHelper.invokeMethod(MethodInvocationHelper.java:124)at org.testng.internal.Invoker.invokeMethod(Invoker.java:571)at org.testng.internal.Invoker.invokeTestMethod(Invoker.java:707)at org.testng.internal.Invoker.invokeTestMethods(Invoker.java:979)at org.testng.internal.TestMethodWorker.invokeTestMethods(TestMethodWorker.java:125)at org.testng.internal.TestMethodWorker.run(TestMethodWorker.java:109)at org.testng.TestRunner.privateRun(TestRunner.java:648)at org.testng.TestRunner.run(TestRunner.java:505)at org.testng.SuiteRunner.runTest(SuiteRunner.java:455)at org.testng.SuiteRunner.runSequentially(SuiteRunner.java:450)at org.testng.SuiteRunner.privateRun(SuiteRunner.java:415)at org.testng.SuiteRunner.run(SuiteRunner.java:364)at org.testng.SuiteRunnerWorker.runSuite(SuiteRunnerWorker.java:52)at org.testng.SuiteRunnerWorker.run(SuiteRunnerWorker.java:84)at org.testng.TestNG.runSuitesSequentially(TestNG.java:1187)at org.testng.TestNG.runSuitesLocally(TestNG.java:1116)at org.testng.TestNG.runSuites(TestNG.java:1028)at org.testng.TestNG.run(TestNG.java:996)at org.testng.TestNG.privateMain(TestNG.java:1330)at org.testng.TestNG.main(TestNG.java:1299)]]>
            </full-stacktrace>
          </exception> <!-- java.lang.AssertionError -->
          <reporter-output>
          </reporter-output>
        </test-method> <!-- quickTradeLtcEth -->
        <test-method status="PASS" signature="afterClass()[pri:0, instance:com.cs.ui.test.nb.dashboard.quicktrade.C5528_LtcEth@5594a1b5]" name="afterClass" is-config="true" duration-ms="2" started-at="2018-08-17T10:55:38Z" finished-at="2018-08-17T10:55:38Z">
          <reporter-output>
          </reporter-output>
        </test-method> <!-- afterClass -->
      </class> <!-- com.cs.ui.test.nb.dashboard.quicktrade.C5528_LtcEth -->
      <class name="com.cs.ui.test.nb.webpage.C8886_WealthPage">
        <test-method status="PASS" signature="wealthPageHtml()[pri:0, instance:com.cs.ui.test.nb.webpage.C8886_WealthPage@511baa65]" name="wealthPageHtml" duration-ms="20376" started-at="2018-08-17T10:39:19Z" finished-at="2018-08-17T10:39:39Z">
          <reporter-output>
          </reporter-output>
        </test-method> <!-- wealthPageHtml -->
        <test-method status="PASS" signature="beforeClass()[pri:0, instance:com.cs.ui.test.nb.webpage.C8886_WealthPage@511baa65]" name="beforeClass" is-config="true" duration-ms="0" started-at="2018-08-17T10:39:19Z" finished-at="2018-08-17T10:39:19Z">
          <reporter-output>
          </reporter-output>
        </test-method> <!-- beforeClass -->
        <test-method status="PASS" signature="afterClass()[pri:0, instance:com.cs.ui.test.nb.webpage.C8886_WealthPage@511baa65]" name="afterClass" is-config="true" duration-ms="0" started-at="2018-08-17T10:39:39Z" finished-at="2018-08-17T10:39:39Z">
          <reporter-output>
          </reporter-output>
        </test-method> <!-- afterClass -->
      </class> <!-- com.cs.ui.test.nb.webpage.C8886_WealthPage -->
      <class name="com.cs.ui.test.nb.dashboard.quicktrade.C5502_CadEth">
        <test-method status="PASS" signature="beforeClass()[pri:0, instance:com.cs.ui.test.nb.dashboard.quicktrade.C5502_CadEth@48140564]" name="beforeClass" is-config="true" duration-ms="0" started-at="2018-08-17T10:09:14Z" finished-at="2018-08-17T10:09:14Z">
          <reporter-output>
          </reporter-output>
        </test-method> <!-- beforeClass -->
        <test-method status="PASS" signature="quickTradeCadEth()[pri:0, instance:com.cs.ui.test.nb.dashboard.quicktrade.C5502_CadEth@48140564]" name="quickTradeCadEth" duration-ms="425939" started-at="2018-08-17T10:09:14Z" finished-at="2018-08-17T10:16:19Z">
          <reporter-output>
          </reporter-output>
        </test-method> <!-- quickTradeCadEth -->
        <test-method status="PASS" signature="afterClass()[pri:0, instance:com.cs.ui.test.nb.dashboard.quicktrade.C5502_CadEth@48140564]" name="afterClass" is-config="true" duration-ms="0" started-at="2018-08-17T10:16:19Z" finished-at="2018-08-17T10:16:19Z">
          <reporter-output>
          </reporter-output>
        </test-method> <!-- afterClass -->
      </class> <!-- com.cs.ui.test.nb.dashboard.quicktrade.C5502_CadEth -->
    </test> <!-- Coinsquare NB Test -->
  </suite> <!-- Suite -->
</testng-results>
